[2019-04-03 10:25:06] log.INFO: Request Success: {"method":"POST","uri":"http://localhost:9200/my_liyi/my_liti_users/_bulk","headers":{"Host":["localhost:9200"],"Content-Type":["application/json"],"Accept":["application/json"]},"HTTP code":200,"duration":3.157} []
[2019-04-03 10:25:07] log.INFO: Request Success: {"method":"POST","uri":"http://localhost:9200/_all/_bulk","headers":{"Host":["localhost:9200"],"Content-Type":["application/json"],"Accept":["application/json"]},"HTTP code":200,"duration":0.70299999999999996} []
[2019-04-03 10:25:07] log.INFO: Request Success: {"method":"POST","uri":"http://localhost:9200/_all/_bulk","headers":{"Host":["localhost:9200"],"Content-Type":["application/json"],"Accept":["application/json"]},"HTTP code":200,"duration":0.39100000000000001} []
[2019-04-03 10:25:08] log.INFO: Request Success: {"method":"POST","uri":"http://localhost:9200/_all/_bulk","headers":{"Host":["localhost:9200"],"Content-Type":["application/json"],"Accept":["application/json"]},"HTTP code":200,"duration":0.313} []
[2019-04-03 10:25:08] log.INFO: Request Success: {"method":"POST","uri":"http://localhost:9200/_all/_bulk","headers":{"Host":["localhost:9200"],"Content-Type":["application/json"],"Accept":["application/json"]},"HTTP code":200,"duration":0.40699999999999997} []
[2019-04-03 10:25:08] log.INFO: Request Success: {"method":"POST","uri":"http://localhost:9200/_all/_bulk","headers":{"Host":["localhost:9200"],"Content-Type":["application/json"],"Accept":["application/json"]},"HTTP code":200,"duration":0.312} []
[2019-04-03 10:25:09] log.INFO: Request Success: {"method":"POST","uri":"http://localhost:9200/_all/_bulk","headers":{"Host":["localhost:9200"],"Content-Type":["application/json"],"Accept":["application/json"]},"HTTP code":200,"duration":0.28100000000000003} []
[2019-04-03 10:25:09] log.INFO: Request Success: {"method":"POST","uri":"http://localhost:9200/my_liyi/my_liti_users/_bulk","headers":{"Host":["localhost:9200"],"Content-Type":["application/json"],"Accept":["application/json"]},"HTTP code":200,"duration":0.094} []
[2019-04-03 10:25:09] log.INFO: Request Success: {"method":"POST","uri":"http://localhost:9200/_all/_bulk","headers":{"Host":["localhost:9200"],"Content-Type":["application/json"],"Accept":["application/json"]},"HTTP code":200,"duration":0.29699999999999999} []
[2019-04-03 10:25:10] log.INFO: Request Success: {"method":"POST","uri":"http://localhost:9200/_all/_bulk","headers":{"Host":["localhost:9200"],"Content-Type":["application/json"],"Accept":["application/json"]},"HTTP code":200,"duration":0.218} []
[2019-04-03 10:25:10] log.INFO: Request Success: {"method":"POST","uri":"http://localhost:9200/_all/_bulk","headers":{"Host":["localhost:9200"],"Content-Type":["application/json"],"Accept":["application/json"]},"HTTP code":200,"duration":0.56200000000000006} []
[2019-04-03 10:25:11] log.INFO: Request Success: {"method":"POST","uri":"http://localhost:9200/_all/_bulk","headers":{"Host":["localhost:9200"],"Content-Type":["application/json"],"Accept":["application/json"]},"HTTP code":200,"duration":0.95299999999999996} []
[2019-04-03 10:25:12] log.INFO: Request Success: {"method":"POST","uri":"http://localhost:9200/_all/_bulk","headers":{"Host":["localhost:9200"],"Content-Type":["application/json"],"Accept":["application/json"]},"HTTP code":200,"duration":0.625} []
[2019-04-03 10:25:12] log.INFO: Request Success: {"method":"POST","uri":"http://localhost:9200/_all/_bulk","headers":{"Host":["localhost:9200"],"Content-Type":["application/json"],"Accept":["application/json"]},"HTTP code":200,"duration":0.312} []
[2019-04-03 10:30:01] log.INFO: Request Success: {"method":"POST","uri":"http://localhost:9200/_all/_bulk","headers":{"Host":["localhost:9200"],"Content-Type":["application/json"],"Accept":["application/json"]},"HTTP code":200,"duration":0.156} []
[2019-04-03 10:30:02] log.INFO: Request Success: {"method":"POST","uri":"http://localhost:9200/_all/_bulk","headers":{"Host":["localhost:9200"],"Content-Type":["application/json"],"Accept":["application/json"]},"HTTP code":200,"duration":0.25} []
[2019-04-03 10:30:02] log.INFO: Request Success: {"method":"POST","uri":"http://localhost:9200/_all/_bulk","headers":{"Host":["localhost:9200"],"Content-Type":["application/json"],"Accept":["application/json"]},"HTTP code":200,"duration":0.28100000000000003} []
[2019-04-03 10:30:02] log.INFO: Request Success: {"method":"POST","uri":"http://localhost:9200/_all/_bulk","headers":{"Host":["localhost:9200"],"Content-Type":["application/json"],"Accept":["application/json"]},"HTTP code":200,"duration":0.28100000000000003} []
[2019-04-03 10:30:03] log.INFO: Request Success: {"method":"POST","uri":"http://localhost:9200/_all/_bulk","headers":{"Host":["localhost:9200"],"Content-Type":["application/json"],"Accept":["application/json"]},"HTTP code":200,"duration":0.219} []
[2019-04-03 10:30:03] log.INFO: Request Success: {"method":"POST","uri":"http://localhost:9200/_all/_bulk","headers":{"Host":["localhost:9200"],"Content-Type":["application/json"],"Accept":["application/json"]},"HTTP code":200,"duration":0.437} []
[2019-04-03 10:30:04] log.INFO: Request Success: {"method":"POST","uri":"http://localhost:9200/_all/_bulk","headers":{"Host":["localhost:9200"],"Content-Type":["application/json"],"Accept":["application/json"]},"HTTP code":200,"duration":0.188} []
[2019-04-03 10:30:22] log.WARNING: Request Failure: {"method":"GET","uri":"http://localhost:9200/my_liyi/my_liti_users/my_liti_users_id","headers":{"Host":["localhost:9200"],"Content-Type":["application/json"],"Accept":["application/json"]},"HTTP code":404,"duration":0.014999999999999999,"error":"{\"error\":{\"root_cause\":[{\"type\":\"index_not_found_exception\",\"reason\":\"no such index\",\"resource.type\":\"index_expression\",\"resource.id\":\"my_liyi\",\"index_uuid\":\"_na_\",\"index\":\"my_liyi\"}],\"type\":\"index_not_found_exception\",\"reason\":\"no such index\",\"resource.type\":\"index_expression\",\"resource.id\":\"my_liyi\",\"index_uuid\":\"_na_\",\"index\":\"my_liyi\"},\"status\":404}"} []
[2019-04-03 10:30:22] log.WARNING: Response ["{\"error\":{\"root_cause\":[{\"type\":\"index_not_found_exception\",\"reason\":\"no such index\",\"resource.type\":\"index_expression\",\"resource.id\":\"my_liyi\",\"index_uuid\":\"_na_\",\"index\":\"my_liyi\"}],\"type\":\"index_not_found_exception\",\"reason\":\"no such index\",\"resource.type\":\"index_expression\",\"resource.id\":\"my_liyi\",\"index_uuid\":\"_na_\",\"index\":\"my_liyi\"},\"status\":404}"] []
[2019-04-03 10:35:35] log.INFO: Request Success: {"method":"POST","uri":"http://localhost:9200/_all/_bulk","headers":{"Host":["localhost:9200"],"Content-Type":["application/json"],"Accept":["application/json"]},"HTTP code":200,"duration":0.094} []
[2019-04-03 10:35:36] log.INFO: Request Success: {"method":"POST","uri":"http://localhost:9200/_all/_bulk","headers":{"Host":["localhost:9200"],"Content-Type":["application/json"],"Accept":["application/json"]},"HTTP code":200,"duration":0.35899999999999999} []
[2019-04-03 10:35:36] log.INFO: Request Success: {"method":"POST","uri":"http://localhost:9200/_all/_bulk","headers":{"Host":["localhost:9200"],"Content-Type":["application/json"],"Accept":["application/json"]},"HTTP code":200,"duration":0.219} []
[2019-04-03 10:35:36] log.INFO: Request Success: {"method":"POST","uri":"http://localhost:9200/_all/_bulk","headers":{"Host":["localhost:9200"],"Content-Type":["application/json"],"Accept":["application/json"]},"HTTP code":200,"duration":0.219} []
[2019-04-03 10:35:37] log.INFO: Request Success: {"method":"POST","uri":"http://localhost:9200/_all/_bulk","headers":{"Host":["localhost:9200"],"Content-Type":["application/json"],"Accept":["application/json"]},"HTTP code":200,"duration":0.26500000000000001} []
[2019-04-03 10:35:37] log.INFO: Request Success: {"method":"POST","uri":"http://localhost:9200/_all/_bulk","headers":{"Host":["localhost:9200"],"Content-Type":["application/json"],"Accept":["application/json"]},"HTTP code":200,"duration":0.40600000000000003} []
[2019-04-03 10:35:37] log.INFO: Request Success: {"method":"POST","uri":"http://localhost:9200/_all/_bulk","headers":{"Host":["localhost:9200"],"Content-Type":["application/json"],"Accept":["application/json"]},"HTTP code":200,"duration":0.187} []
[2019-04-03 10:36:37] log.INFO: Request Success: {"method":"GET","uri":"http://localhost:9200/my_laravel/my_users/1","headers":{"Host":["localhost:9200"],"Content-Type":["application/json"],"Accept":["application/json"]},"HTTP code":200,"duration":0.016} []
[2019-04-03 10:38:31] log.INFO: Request Success: {"method":"POST","uri":"http://localhost:9200/_all/_bulk","headers":{"Host":["localhost:9200"],"Content-Type":["application/json"],"Accept":["application/json"]},"HTTP code":200,"duration":0.11} []
[2019-04-03 10:38:31] log.INFO: Request Success: {"method":"POST","uri":"http://localhost:9200/_all/_bulk","headers":{"Host":["localhost:9200"],"Content-Type":["application/json"],"Accept":["application/json"]},"HTTP code":200,"duration":0.17199999999999999} []
[2019-04-03 10:38:31] log.INFO: Request Success: {"method":"POST","uri":"http://localhost:9200/_all/_bulk","headers":{"Host":["localhost:9200"],"Content-Type":["application/json"],"Accept":["application/json"]},"HTTP code":200,"duration":0.156} []
[2019-04-03 10:38:32] log.INFO: Request Success: {"method":"POST","uri":"http://localhost:9200/_all/_bulk","headers":{"Host":["localhost:9200"],"Content-Type":["application/json"],"Accept":["application/json"]},"HTTP code":200,"duration":0.125} []
[2019-04-03 10:38:32] log.INFO: Request Success: {"method":"POST","uri":"http://localhost:9200/_all/_bulk","headers":{"Host":["localhost:9200"],"Content-Type":["application/json"],"Accept":["application/json"]},"HTTP code":200,"duration":0.20300000000000001} []
[2019-04-03 10:38:32] log.INFO: Request Success: {"method":"POST","uri":"http://localhost:9200/_all/_bulk","headers":{"Host":["localhost:9200"],"Content-Type":["application/json"],"Accept":["application/json"]},"HTTP code":200,"duration":0.312} []
[2019-04-03 10:38:32] log.INFO: Request Success: {"method":"POST","uri":"http://localhost:9200/_all/_bulk","headers":{"Host":["localhost:9200"],"Content-Type":["application/json"],"Accept":["application/json"]},"HTTP code":200,"duration":0.063} []
[2019-04-03 10:38:57] log.INFO: Request Success: {"method":"GET","uri":"http://localhost:9200/my_laravel/my_users/my_users_id","headers":{"Host":["localhost:9200"],"Content-Type":["application/json"],"Accept":["application/json"]},"HTTP code":200,"duration":0.014999999999999999} []
[2019-04-03 10:39:14] log.INFO: Request Success: {"method":"GET","uri":"http://localhost:9200/my_laravel/my_users/my_users_id","headers":{"Host":["localhost:9200"],"Content-Type":["application/json"],"Accept":["application/json"]},"HTTP code":200,"duration":0} []
[2019-04-03 10:39:15] log.INFO: Request Success: {"method":"GET","uri":"http://localhost:9200/my_laravel/my_users/my_users_id","headers":{"Host":["localhost:9200"],"Content-Type":["application/json"],"Accept":["application/json"]},"HTTP code":200,"duration":0.014999999999999999} []
[2019-04-03 10:39:16] log.INFO: Request Success: {"method":"GET","uri":"http://localhost:9200/my_laravel/my_users/my_users_id","headers":{"Host":["localhost:9200"],"Content-Type":["application/json"],"Accept":["application/json"]},"HTTP code":200,"duration":0.016} []
[2019-04-03 10:39:16] log.INFO: Request Success: {"method":"GET","uri":"http://localhost:9200/my_laravel/my_users/my_users_id","headers":{"Host":["localhost:9200"],"Content-Type":["application/json"],"Accept":["application/json"]},"HTTP code":200,"duration":0} []
[2019-04-03 10:39:16] log.INFO: Request Success: {"method":"GET","uri":"http://localhost:9200/my_laravel/my_users/my_users_id","headers":{"Host":["localhost:9200"],"Content-Type":["application/json"],"Accept":["application/json"]},"HTTP code":200,"duration":0} []
[2019-04-03 10:39:17] log.INFO: Request Success: {"method":"GET","uri":"http://localhost:9200/my_laravel/my_users/my_users_id","headers":{"Host":["localhost:9200"],"Content-Type":["application/json"],"Accept":["application/json"]},"HTTP code":200,"duration":0.016} []
[2019-04-03 10:39:17] log.INFO: Request Success: {"method":"GET","uri":"http://localhost:9200/my_laravel/my_users/my_users_id","headers":{"Host":["localhost:9200"],"Content-Type":["application/json"],"Accept":["application/json"]},"HTTP code":200,"duration":0} []
[2019-04-03 10:39:17] log.INFO: Request Success: {"method":"GET","uri":"http://localhost:9200/my_laravel/my_users/my_users_id","headers":{"Host":["localhost:9200"],"Content-Type":["application/json"],"Accept":["application/json"]},"HTTP code":200,"duration":0} []
[2019-04-03 10:39:17] log.INFO: Request Success: {"method":"GET","uri":"http://localhost:9200/my_laravel/my_users/my_users_id","headers":{"Host":["localhost:9200"],"Content-Type":["application/json"],"Accept":["application/json"]},"HTTP code":200,"duration":0} []
[2019-04-03 10:39:17] log.INFO: Request Success: {"method":"GET","uri":"http://localhost:9200/my_laravel/my_users/my_users_id","headers":{"Host":["localhost:9200"],"Content-Type":["application/json"],"Accept":["application/json"]},"HTTP code":200,"duration":0} []
[2019-04-03 10:39:18] log.INFO: Request Success: {"method":"GET","uri":"http://localhost:9200/my_laravel/my_users/my_users_id","headers":{"Host":["localhost:9200"],"Content-Type":["application/json"],"Accept":["application/json"]},"HTTP code":200,"duration":0} []
[2019-04-03 10:39:18] log.INFO: Request Success: {"method":"GET","uri":"http://localhost:9200/my_laravel/my_users/my_users_id","headers":{"Host":["localhost:9200"],"Content-Type":["application/json"],"Accept":["application/json"]},"HTTP code":200,"duration":0} []
[2019-04-03 10:39:23] log.INFO: Request Success: {"method":"GET","uri":"http://localhost:9200/my_laravel/my_users/my_users_id","headers":{"Host":["localhost:9200"],"Content-Type":["application/json"],"Accept":["application/json"]},"HTTP code":200,"duration":0.016} []
[2019-04-03 10:45:49] log.INFO: Request Success: {"method":"GET","uri":"http://localhost:9200/my_laravel/my_users/_search","headers":{"Host":["localhost:9200"],"Content-Type":["application/json"],"Accept":["application/json"]},"HTTP code":200,"duration":0.109} []
[2019-04-03 10:56:12] log.INFO: Request Success: {"method":"POST","uri":"http://localhost:9200/_all/_bulk","headers":{"Host":["localhost:9200"],"Content-Type":["application/json"],"Accept":["application/json"]},"HTTP code":200,"duration":0.125} []
[2019-04-03 10:56:12] log.INFO: Request Success: {"method":"POST","uri":"http://localhost:9200/_all/_bulk","headers":{"Host":["localhost:9200"],"Content-Type":["application/json"],"Accept":["application/json"]},"HTTP code":200,"duration":0.312} []
[2019-04-03 10:56:13] log.INFO: Request Success: {"method":"POST","uri":"http://localhost:9200/_all/_bulk","headers":{"Host":["localhost:9200"],"Content-Type":["application/json"],"Accept":["application/json"]},"HTTP code":200,"duration":0.35899999999999999} []
[2019-04-03 10:56:13] log.INFO: Request Success: {"method":"POST","uri":"http://localhost:9200/_all/_bulk","headers":{"Host":["localhost:9200"],"Content-Type":["application/json"],"Accept":["application/json"]},"HTTP code":200,"duration":0.39000000000000001} []
[2019-04-03 10:56:14] log.INFO: Request Success: {"method":"POST","uri":"http://localhost:9200/_all/_bulk","headers":{"Host":["localhost:9200"],"Content-Type":["application/json"],"Accept":["application/json"]},"HTTP code":200,"duration":0.28100000000000003} []
[2019-04-03 10:56:14] log.INFO: Request Success: {"method":"POST","uri":"http://localhost:9200/_all/_bulk","headers":{"Host":["localhost:9200"],"Content-Type":["application/json"],"Accept":["application/json"]},"HTTP code":200,"duration":0.375} []
[2019-04-03 10:56:14] log.INFO: Request Success: {"method":"POST","uri":"http://localhost:9200/_all/_bulk","headers":{"Host":["localhost:9200"],"Content-Type":["application/json"],"Accept":["application/json"]},"HTTP code":200,"duration":0.219} []
[2019-04-03 10:56:14] log.INFO: Request Success: {"method":"POST","uri":"http://localhost:9200/_all/_bulk","headers":{"Host":["localhost:9200"],"Content-Type":["application/json"],"Accept":["application/json"]},"HTTP code":200,"duration":0.20300000000000001} []
[2019-04-03 10:56:15] log.INFO: Request Success: {"method":"POST","uri":"http://localhost:9200/_all/_bulk","headers":{"Host":["localhost:9200"],"Content-Type":["application/json"],"Accept":["application/json"]},"HTTP code":200,"duration":0.20399999999999999} []
[2019-04-03 10:56:15] log.INFO: Request Success: {"method":"POST","uri":"http://localhost:9200/_all/_bulk","headers":{"Host":["localhost:9200"],"Content-Type":["application/json"],"Accept":["application/json"]},"HTTP code":200,"duration":0.25} []
[2019-04-03 10:56:15] log.INFO: Request Success: {"method":"POST","uri":"http://localhost:9200/_all/_bulk","headers":{"Host":["localhost:9200"],"Content-Type":["application/json"],"Accept":["application/json"]},"HTTP code":200,"duration":0.25} []
[2019-04-03 10:57:03] log.INFO: Request Success: {"method":"POST","uri":"http://localhost:9200/_all/_bulk","headers":{"Host":["localhost:9200"],"Content-Type":["application/json"],"Accept":["application/json"]},"HTTP code":200,"duration":0.063} []
[2019-04-03 10:57:03] log.INFO: Request Success: {"method":"POST","uri":"http://localhost:9200/_all/_bulk","headers":{"Host":["localhost:9200"],"Content-Type":["application/json"],"Accept":["application/json"]},"HTTP code":200,"duration":0.20300000000000001} []
[2019-04-03 10:57:03] log.INFO: Request Success: {"method":"POST","uri":"http://localhost:9200/_all/_bulk","headers":{"Host":["localhost:9200"],"Content-Type":["application/json"],"Accept":["application/json"]},"HTTP code":200,"duration":0.23499999999999999} []
[2019-04-03 10:57:04] log.INFO: Request Success: {"method":"POST","uri":"http://localhost:9200/_all/_bulk","headers":{"Host":["localhost:9200"],"Content-Type":["application/json"],"Accept":["application/json"]},"HTTP code":200,"duration":0.32900000000000001} []
[2019-04-03 10:57:04] log.INFO: Request Success: {"method":"POST","uri":"http://localhost:9200/_all/_bulk","headers":{"Host":["localhost:9200"],"Content-Type":["application/json"],"Accept":["application/json"]},"HTTP code":200,"duration":0.20300000000000001} []
[2019-04-03 10:57:04] log.INFO: Request Success: {"method":"POST","uri":"http://localhost:9200/_all/_bulk","headers":{"Host":["localhost:9200"],"Content-Type":["application/json"],"Accept":["application/json"]},"HTTP code":200,"duration":0.32800000000000001} []
[2019-04-03 10:57:04] log.INFO: Request Success: {"method":"POST","uri":"http://localhost:9200/_all/_bulk","headers":{"Host":["localhost:9200"],"Content-Type":["application/json"],"Accept":["application/json"]},"HTTP code":200,"duration":0.312} []
[2019-04-03 10:57:05] log.INFO: Request Success: {"method":"POST","uri":"http://localhost:9200/_all/_bulk","headers":{"Host":["localhost:9200"],"Content-Type":["application/json"],"Accept":["application/json"]},"HTTP code":200,"duration":0.219} []
[2019-04-03 10:57:05] log.INFO: Request Success: {"method":"POST","uri":"http://localhost:9200/_all/_bulk","headers":{"Host":["localhost:9200"],"Content-Type":["application/json"],"Accept":["application/json"]},"HTTP code":200,"duration":0.29699999999999999} []
[2019-04-03 10:57:05] log.INFO: Request Success: {"method":"POST","uri":"http://localhost:9200/_all/_bulk","headers":{"Host":["localhost:9200"],"Content-Type":["application/json"],"Accept":["application/json"]},"HTTP code":200,"duration":0.20300000000000001} []
[2019-04-03 10:57:06] log.INFO: Request Success: {"method":"POST","uri":"http://localhost:9200/_all/_bulk","headers":{"Host":["localhost:9200"],"Content-Type":["application/json"],"Accept":["application/json"]},"HTTP code":200,"duration":0.219} []
[2019-04-03 10:57:18] log.INFO: Request Success: {"method":"POST","uri":"http://localhost:9200/_all/_bulk","headers":{"Host":["localhost:9200"],"Content-Type":["application/json"],"Accept":["application/json"]},"HTTP code":200,"duration":0.062} []
[2019-04-03 10:57:19] log.INFO: Request Success: {"method":"POST","uri":"http://localhost:9200/_all/_bulk","headers":{"Host":["localhost:9200"],"Content-Type":["application/json"],"Accept":["application/json"]},"HTTP code":200,"duration":0.35899999999999999} []
[2019-04-03 10:57:19] log.INFO: Request Success: {"method":"POST","uri":"http://localhost:9200/_all/_bulk","headers":{"Host":["localhost:9200"],"Content-Type":["application/json"],"Accept":["application/json"]},"HTTP code":200,"duration":0.218} []
[2019-04-03 10:57:19] log.INFO: Request Success: {"method":"POST","uri":"http://localhost:9200/_all/_bulk","headers":{"Host":["localhost:9200"],"Content-Type":["application/json"],"Accept":["application/json"]},"HTTP code":200,"duration":0.219} []
[2019-04-03 10:57:19] log.INFO: Request Success: {"method":"POST","uri":"http://localhost:9200/_all/_bulk","headers":{"Host":["localhost:9200"],"Content-Type":["application/json"],"Accept":["application/json"]},"HTTP code":200,"duration":0.23499999999999999} []
[2019-04-03 10:57:20] log.INFO: Request Success: {"method":"POST","uri":"http://localhost:9200/_all/_bulk","headers":{"Host":["localhost:9200"],"Content-Type":["application/json"],"Accept":["application/json"]},"HTTP code":200,"duration":0.20300000000000001} []
[2019-04-03 10:57:20] log.INFO: Request Success: {"method":"POST","uri":"http://localhost:9200/_all/_bulk","headers":{"Host":["localhost:9200"],"Content-Type":["application/json"],"Accept":["application/json"]},"HTTP code":200,"duration":0.20399999999999999} []
[2019-04-03 10:57:20] log.INFO: Request Success: {"method":"POST","uri":"http://localhost:9200/_all/_bulk","headers":{"Host":["localhost:9200"],"Content-Type":["application/json"],"Accept":["application/json"]},"HTTP code":200,"duration":0.219} []
[2019-04-03 10:57:21] log.INFO: Request Success: {"method":"POST","uri":"http://localhost:9200/_all/_bulk","headers":{"Host":["localhost:9200"],"Content-Type":["application/json"],"Accept":["application/json"]},"HTTP code":200,"duration":0.26600000000000001} []
[2019-04-03 10:57:21] log.INFO: Request Success: {"method":"POST","uri":"http://localhost:9200/_all/_bulk","headers":{"Host":["localhost:9200"],"Content-Type":["application/json"],"Accept":["application/json"]},"HTTP code":200,"duration":0.29699999999999999} []
[2019-04-03 10:57:21] log.INFO: Request Success: {"method":"POST","uri":"http://localhost:9200/_all/_bulk","headers":{"Host":["localhost:9200"],"Content-Type":["application/json"],"Accept":["application/json"]},"HTTP code":200,"duration":0.20300000000000001} []
[2019-04-03 10:57:47] log.INFO: Request Success: {"method":"POST","uri":"http://localhost:9200/_all/_bulk","headers":{"Host":["localhost:9200"],"Content-Type":["application/json"],"Accept":["application/json"]},"HTTP code":200,"duration":0.063} []
[2019-04-03 10:57:47] log.INFO: Request Success: {"method":"POST","uri":"http://localhost:9200/_all/_bulk","headers":{"Host":["localhost:9200"],"Content-Type":["application/json"],"Accept":["application/json"]},"HTTP code":200,"duration":0.20300000000000001} []
[2019-04-03 10:57:47] log.INFO: Request Success: {"method":"POST","uri":"http://localhost:9200/_all/_bulk","headers":{"Host":["localhost:9200"],"Content-Type":["application/json"],"Accept":["application/json"]},"HTTP code":200,"duration":0.20300000000000001} []
[2019-04-03 10:57:48] log.INFO: Request Success: {"method":"POST","uri":"http://localhost:9200/_all/_bulk","headers":{"Host":["localhost:9200"],"Content-Type":["application/json"],"Accept":["application/json"]},"HTTP code":200,"duration":0.23400000000000001} []
[2019-04-03 10:57:48] log.INFO: Request Success: {"method":"POST","uri":"http://localhost:9200/_all/_bulk","headers":{"Host":["localhost:9200"],"Content-Type":["application/json"],"Accept":["application/json"]},"HTTP code":200,"duration":0.20300000000000001} []
[2019-04-03 10:57:48] log.INFO: Request Success: {"method":"POST","uri":"http://localhost:9200/_all/_bulk","headers":{"Host":["localhost:9200"],"Content-Type":["application/json"],"Accept":["application/json"]},"HTTP code":200,"duration":0.26600000000000001} []
[2019-04-03 10:57:49] log.INFO: Request Success: {"method":"POST","uri":"http://localhost:9200/_all/_bulk","headers":{"Host":["localhost:9200"],"Content-Type":["application/json"],"Accept":["application/json"]},"HTTP code":200,"duration":0.29699999999999999} []
[2019-04-03 10:57:49] log.INFO: Request Success: {"method":"POST","uri":"http://localhost:9200/_all/_bulk","headers":{"Host":["localhost:9200"],"Content-Type":["application/json"],"Accept":["application/json"]},"HTTP code":200,"duration":0.375} []
[2019-04-03 10:57:49] log.INFO: Request Success: {"method":"POST","uri":"http://localhost:9200/_all/_bulk","headers":{"Host":["localhost:9200"],"Content-Type":["application/json"],"Accept":["application/json"]},"HTTP code":200,"duration":0.23400000000000001} []
[2019-04-03 10:57:50] log.INFO: Request Success: {"method":"POST","uri":"http://localhost:9200/_all/_bulk","headers":{"Host":["localhost:9200"],"Content-Type":["application/json"],"Accept":["application/json"]},"HTTP code":200,"duration":0.20399999999999999} []
[2019-04-03 10:57:50] log.INFO: Request Success: {"method":"POST","uri":"http://localhost:9200/_all/_bulk","headers":{"Host":["localhost:9200"],"Content-Type":["application/json"],"Accept":["application/json"]},"HTTP code":200,"duration":0.20399999999999999} []
[2019-04-03 10:58:09] log.INFO: Request Success: {"method":"POST","uri":"http://localhost:9200/_all/_bulk","headers":{"Host":["localhost:9200"],"Content-Type":["application/json"],"Accept":["application/json"]},"HTTP code":200,"duration":0.188} []
[2019-04-03 10:58:09] log.INFO: Request Success: {"method":"POST","uri":"http://localhost:9200/_all/_bulk","headers":{"Host":["localhost:9200"],"Content-Type":["application/json"],"Accept":["application/json"]},"HTTP code":200,"duration":0.187} []
[2019-04-03 10:58:10] log.INFO: Request Success: {"method":"POST","uri":"http://localhost:9200/_all/_bulk","headers":{"Host":["localhost:9200"],"Content-Type":["application/json"],"Accept":["application/json"]},"HTTP code":200,"duration":0.20399999999999999} []
[2019-04-03 10:58:10] log.INFO: Request Success: {"method":"POST","uri":"http://localhost:9200/_all/_bulk","headers":{"Host":["localhost:9200"],"Content-Type":["application/json"],"Accept":["application/json"]},"HTTP code":200,"duration":0.51600000000000001} []
[2019-04-03 10:58:10] log.INFO: Request Success: {"method":"POST","uri":"http://localhost:9200/_all/_bulk","headers":{"Host":["localhost:9200"],"Content-Type":["application/json"],"Accept":["application/json"]},"HTTP code":200,"duration":0.23400000000000001} []
[2019-04-03 10:58:11] log.INFO: Request Success: {"method":"POST","uri":"http://localhost:9200/_all/_bulk","headers":{"Host":["localhost:9200"],"Content-Type":["application/json"],"Accept":["application/json"]},"HTTP code":200,"duration":0.29699999999999999} []
[2019-04-03 10:58:11] log.INFO: Request Success: {"method":"POST","uri":"http://localhost:9200/_all/_bulk","headers":{"Host":["localhost:9200"],"Content-Type":["application/json"],"Accept":["application/json"]},"HTTP code":200,"duration":0.219} []
[2019-04-03 10:58:11] log.INFO: Request Success: {"method":"POST","uri":"http://localhost:9200/_all/_bulk","headers":{"Host":["localhost:9200"],"Content-Type":["application/json"],"Accept":["application/json"]},"HTTP code":200,"duration":0.219} []
[2019-04-03 10:58:11] log.INFO: Request Success: {"method":"POST","uri":"http://localhost:9200/_all/_bulk","headers":{"Host":["localhost:9200"],"Content-Type":["application/json"],"Accept":["application/json"]},"HTTP code":200,"duration":0.20300000000000001} []
[2019-04-03 10:58:12] log.INFO: Request Success: {"method":"POST","uri":"http://localhost:9200/_all/_bulk","headers":{"Host":["localhost:9200"],"Content-Type":["application/json"],"Accept":["application/json"]},"HTTP code":200,"duration":0.219} []
[2019-04-03 10:58:12] log.INFO: Request Success: {"method":"POST","uri":"http://localhost:9200/_all/_bulk","headers":{"Host":["localhost:9200"],"Content-Type":["application/json"],"Accept":["application/json"]},"HTTP code":200,"duration":0.26600000000000001} []
[2019-04-03 10:59:05] log.INFO: Request Success: {"method":"GET","uri":"http://localhost:9200/my_laravel/my_users/_search","headers":{"Host":["localhost:9200"],"Content-Type":["application/json"],"Accept":["application/json"]},"HTTP code":200,"duration":0.016} []
[2019-04-03 11:13:29] log.INFO: Request Success: {"method":"GET","uri":"http://localhost:9200/my_laravel/my_users/_search","headers":{"Host":["localhost:9200"],"Content-Type":["application/json"],"Accept":["application/json"]},"HTTP code":200,"duration":0.045999999999999999} []
[2019-04-03 11:13:55] log.INFO: Request Success: {"method":"GET","uri":"http://localhost:9200/my_laravel/my_users/_search","headers":{"Host":["localhost:9200"],"Content-Type":["application/json"],"Accept":["application/json"]},"HTTP code":200,"duration":0.014999999999999999} []
[2019-04-03 11:14:39] log.INFO: Request Success: {"method":"GET","uri":"http://localhost:9200/my_laravel/my_users/_search","headers":{"Host":["localhost:9200"],"Content-Type":["application/json"],"Accept":["application/json"]},"HTTP code":200,"duration":0.016} []
[2019-04-03 11:18:41] log.INFO: Request Success: {"method":"GET","uri":"http://localhost:9200/_stats","headers":{"Host":["localhost:9200"],"Content-Type":["application/json"],"Accept":["application/json"]},"HTTP code":200,"duration":0.078} []
[2019-04-03 11:19:23] log.INFO: Request Success: {"method":"GET","uri":"http://localhost:9200/_stats","headers":{"Host":["localhost:9200"],"Content-Type":["application/json"],"Accept":["application/json"]},"HTTP code":200,"duration":0.014999999999999999} []
[2019-04-03 11:21:10] log.INFO: Request Success: {"method":"GET","uri":"http://localhost:9200/_stats","headers":{"Host":["localhost:9200"],"Content-Type":["application/json"],"Accept":["application/json"]},"HTTP code":200,"duration":0.031} []
[2019-04-03 11:21:10] log.INFO: Request Success: {"method":"GET","uri":"http://localhost:9200/_nodes/stats","headers":{"Host":["localhost:9200"],"Content-Type":["application/json"],"Accept":["application/json"]},"HTTP code":200,"duration":0.063} []
[2019-04-03 11:21:10] log.INFO: Request Success: {"method":"GET","uri":"http://localhost:9200/_cluster/stats","headers":{"Host":["localhost:9200"],"Content-Type":["application/json"],"Accept":["application/json"]},"HTTP code":200,"duration":0.031} []
[2019-04-03 11:21:12] log.INFO: Request Success: {"method":"GET","uri":"http://localhost:9200/_stats","headers":{"Host":["localhost:9200"],"Content-Type":["application/json"],"Accept":["application/json"]},"HTTP code":200,"duration":0} []
[2019-04-03 11:21:12] log.INFO: Request Success: {"method":"GET","uri":"http://localhost:9200/_nodes/stats","headers":{"Host":["localhost:9200"],"Content-Type":["application/json"],"Accept":["application/json"]},"HTTP code":200,"duration":0.016} []
[2019-04-03 11:21:12] log.INFO: Request Success: {"method":"GET","uri":"http://localhost:9200/_cluster/stats","headers":{"Host":["localhost:9200"],"Content-Type":["application/json"],"Accept":["application/json"]},"HTTP code":200,"duration":0} []
[2019-04-03 11:31:12] log.INFO: Request Success: {"method":"GET","uri":"http://localhost:9200/my_laravel/my_users/_search","headers":{"Host":["localhost:9200"],"Content-Type":["application/json"],"Accept":["application/json"]},"HTTP code":200,"duration":0.045999999999999999} []
